current directory: /Users/matsuoka/RubymineProjects/ECHO-404/vender/bundle/ruby/2.6.0/gems/redcarpet-2.3.0/ext/redcarpet
/System/Library/Frameworks/Ruby.framework/Versions/2.6/usr/bin/ruby -I /System/Library/Frameworks/Ruby.framework/Versions/2.6/usr/lib/ruby/2.6.0 -r ./siteconf20210126-25450-1wgmw7y.rb extconf.rb
creating Makefile

current directory: /Users/matsuoka/RubymineProjects/ECHO-404/vender/bundle/ruby/2.6.0/gems/redcarpet-2.3.0/ext/redcarpet
make "DESTDIR=" clean

current directory: /Users/matsuoka/RubymineProjects/ECHO-404/vender/bundle/ruby/2.6.0/gems/redcarpet-2.3.0/ext/redcarpet
make "DESTDIR="
compiling autolink.c
compiling buffer.c
compiling houdini_href_e.c
compiling houdini_html_e.c
compiling html.c
compiling html_smartypants.c
compiling markdown.c
compiling rc_markdown.c
compiling rc_render.c
compiling stack.c
linking shared-object redcarpet.bundle
ld: warning: directory not found for option '-L/Applications/Xcode.app/Contents/Developer/Platforms/MacOSX.platform/Developer/SDKs/MacOSX10.15.Internal.sdk/usr/local/lib'

current directory: /Users/matsuoka/RubymineProjects/ECHO-404/vender/bundle/ruby/2.6.0/gems/redcarpet-2.3.0/ext/redcarpet
make "DESTDIR=" install
/usr/bin/install -c -m 0755 redcarpet.bundle ./.gem.20210126-25450-3mv9jd
